Compiling the C compiler identification source file "CMakeCCompilerId.c" failed.
Compiler: /Library/Developer/CommandLineTools/usr/bin/cc 
Build flags: 
Id flags:  

The output was:
1
ld: library 'System' not found
clang: error: linker command failed with exit code 1 (use -v to see invocation)


Compiling the CXX compiler identification source file "CMakeCXXCompilerId.cpp" failed.
Compiler: /Library/Developer/CommandLineTools/usr/bin/c++ 
Build flags: 
Id flags:  

The output was:
1
ld: library 'c++' not found
clang: error: linker command failed with exit code 1 (use -v to see invocation)


The MPI test test_mpi for C in mode normal failed to compile with the following output:
Change Dir: /Users/isjarana-admin/Documents/PHD/DistViz/cmake-build-debug/CMakeFiles/CMakeTmp

Run Build Command(s):/usr/bin/make -f Makefile cmTC_b9e6a/fast && /Library/Developer/CommandLineTools/usr/bin/make  -f CMakeFiles/cmTC_b9e6a.dir/build.make CMakeFiles/cmTC_b9e6a.dir/build
Building C object CMakeFiles/cmTC_b9e6a.dir/test_mpi.c.o
/Library/Developer/CommandLineTools/usr/bin/cc   -arch x86_64 -isysroot /Library/Developer/CommandLineTools/SDKs/MacOSX14.4.sdk -mmacosx-version-min=14.3 -MD -MT CMakeFiles/cmTC_b9e6a.dir/test_mpi.c.o -MF CMakeFiles/cmTC_b9e6a.dir/test_mpi.c.o.d -o CMakeFiles/cmTC_b9e6a.dir/test_mpi.c.o -c /Applications/CLion.app/Contents/bin/cmake/mac/share/cmake-3.20/Modules/FindMPI/test_mpi.c
/Applications/CLion.app/Contents/bin/cmake/mac/share/cmake-3.20/Modules/FindMPI/test_mpi.c:1:10: fatal error: 'mpi.h' file not found
#include <mpi.h>
         ^~~~~~~
1 error generated.
make[1]: *** [CMakeFiles/cmTC_b9e6a.dir/test_mpi.c.o] Error 1
make: *** [cmTC_b9e6a/fast] Error 2



The MPI test test_mpi for CXX in mode normal failed to compile with the following output:
Change Dir: /Users/isjarana-admin/Documents/PHD/DistViz/cmake-build-debug/CMakeFiles/CMakeTmp

Run Build Command(s):/usr/bin/make -f Makefile cmTC_807a5/fast && /Library/Developer/CommandLineTools/usr/bin/make  -f CMakeFiles/cmTC_807a5.dir/build.make CMakeFiles/cmTC_807a5.dir/build
Building CXX object CMakeFiles/cmTC_807a5.dir/test_mpi.cpp.o
/Library/Developer/CommandLineTools/usr/bin/c++   -arch x86_64 -isysroot /Library/Developer/CommandLineTools/SDKs/MacOSX14.4.sdk -mmacosx-version-min=14.3 -std=gnu++17 -MD -MT CMakeFiles/cmTC_807a5.dir/test_mpi.cpp.o -MF CMakeFiles/cmTC_807a5.dir/test_mpi.cpp.o.d -o CMakeFiles/cmTC_807a5.dir/test_mpi.cpp.o -c /Users/isjarana-admin/Documents/PHD/DistViz/cmake-build-debug/CMakeFiles/FindMPI/test_mpi.cpp
/Users/isjarana-admin/Documents/PHD/DistViz/cmake-build-debug/CMakeFiles/FindMPI/test_mpi.cpp:1:10: fatal error: 'mpi.h' file not found
#include <mpi.h>
         ^~~~~~~
1 error generated.
make[1]: *** [CMakeFiles/cmTC_807a5.dir/test_mpi.cpp.o] Error 1
make: *** [cmTC_807a5/fast] Error 2



